Logging started at 2023-04-03 21:58:38.085065
2023-04-03 21:58:39.562635: 3
2023-04-03 21:58:41.270241: 3, 4
2023-04-03 21:58:42.917108: 3, 4, 5
Logging started at 2023-04-03 21:58:47.818969
2023-04-03 21:58:50.059974: 3
2023-04-03 21:58:52.500519: 3, 4
2023-04-03 21:58:54.426221: 3, 4, 5
Logging started at 2023-04-03 21:59:29.283680
Logging started at 2023-04-03 21:59:51.033503
Logging started at 2023-04-03 21:59:58.284893
Logging started at 2023-04-03 22:00:03.186034
2023-04-03 22:00:04.162144: 1
2023-04-03 22:00:06.386273: 1, 2
2023-04-03 22:00:08.301874: 1, 2, 3
2023-04-03 22:00:10.810275: 1, 2, 3, 4
2023-04-03 22:00:13.172902: 1, 2, 3, 4, 5
Logging started at 2023-04-03 22:04:02.964544
2023-04-03 22:04:02.964809: 1
2023-04-03 22:04:03.971091: 1, 1
2023-04-03 22:04:04.977704: 1, 1, 1
2023-04-03 22:04:05.982453: 1, 1, 1, 1
2023-04-03 22:04:06.985051: 1, 1, 1, 1, 1
2023-04-03 22:04:07.991252: 1, 1, 1, 1, 1, 1
2023-04-03 22:04:08.994304: 1, 1, 1, 1, 1, 1, 1
2023-04-03 22:04:09.996823: 1, 1, 1, 1, 1, 1, 1, 1
2023-04-03 22:04:11.000202: 1, 1, 1, 1, 1, 1, 1, 1, 1
2023-04-03 22:04:12.005293: 1, 1, 1, 1, 1, 1, 1, 1, 1, 1
2023-04-03 22:04:13.010718: 1, 1, 1, 1, 1, 1, 1, 1, 1, 1, 1
2023-04-03 22:04:14.015644: 1, 1, 1, 1, 1, 1, 1, 1, 1, 1, 1, 1
2023-04-03 22:04:15.020108: 1, 1, 1, 1, 1, 1, 1, 1, 1, 1, 1, 1, 1
2023-04-03 22:04:16.026765: 1, 1, 1, 1, 1, 1, 1, 1, 1, 1, 1, 1, 1, 1
2023-04-03 22:04:17.028169: 1, 1, 1, 1, 1, 1, 1, 1, 1, 1, 1, 1, 1, 1, 1
2023-04-03 22:04:18.034568: 1, 1, 1, 1, 1, 1, 1, 1, 1, 1, 1, 1, 1, 1, 1, 1
2023-04-03 22:04:19.040903: 1, 1, 1, 1, 1, 1, 1, 1, 1, 1, 1, 1, 1, 1, 1, 1, 1
2023-04-03 22:04:20.045645: 1, 1, 1, 1, 1, 1, 1, 1, 1, 1, 1, 1, 1, 1, 1, 1, 1, 1
Logging started at 2023-04-03 22:04:50.479587
2023-04-03 22:04:50.479760: 1
2023-04-03 22:04:51.487469: 1, 1
2023-04-03 22:04:52.490720: 1, 1, 1
2023-04-03 22:04:53.494682: 1, 1, 1, 1
2023-04-03 22:04:54.501441: 1, 1, 1, 1, 1
2023-04-03 22:04:55.504844: 1, 1, 1, 1, 1, 1
Logging started at 2023-04-03 22:05:02.374928
2023-04-03 22:05:02.375079: 1
2023-04-03 22:05:03.381459: 1, 1
2023-04-03 22:05:04.388396: 1, 1, 1
2023-04-03 22:05:05.394614: 1, 1, 1, 1
2023-04-03 22:05:06.400801: 1, 1, 1, 1, 1
2023-04-03 22:05:07.406921: 1, 1, 1, 1, 1, 1
2023-04-03 22:05:08.412869: 1, 1, 1, 1, 1, 1, 1
Logging started at 2023-04-03 22:08:11.434017
2023-04-03 22:08:11.434271: 2
2023-04-03 22:08:12.439642: 2, 158
2023-04-03 22:08:13.445782: 2, 158, 64
2023-04-03 22:08:14.451963: 2, 158, 64, 9
2023-04-03 22:08:15.458288: 2, 158, 64, 9, 0
2023-04-03 22:08:16.459942: 2, 158, 64, 9, 0, 8
2023-04-03 22:08:17.464537: 2, 158, 64, 9, 0, 8, 5
2023-04-03 22:08:18.470387: 2, 158, 64, 9, 0, 8, 5, 2
2023-04-03 22:08:19.473519: 2, 158, 64, 9, 0, 8, 5, 2, 1
Logging started at 2023-04-03 22:09:46.190285
2023-04-03 22:09:46.190411: 9
2023-04-03 22:09:47.193168: 9, 3
2023-04-03 22:09:48.199155: 9, 3, 1
2023-04-03 22:09:49.202654: 9, 3, 1, 420
2023-04-03 22:09:50.207616: 9, 3, 1, 420, 5
2023-04-03 22:09:51.213269: 9, 3, 1, 420, 5, 69
2023-04-03 22:09:52.215290: 9, 3, 1, 420, 5, 69, 2
2023-04-03 22:09:53.219172: 9, 3, 1, 420, 5, 69, 2, 158
2023-04-03 22:09:54.223200: 9, 3, 1, 420, 5, 69, 2, 158, 64
2023-04-03 22:09:55.228602: 9, 3, 1, 420, 5, 69, 2, 158, 64, 9
2023-04-03 22:09:56.233656: 9, 3, 1, 420, 5, 69, 2, 158, 64, 9, 0
2023-04-03 22:09:57.235423: 9, 3, 1, 420, 5, 69, 2, 158, 64, 9, 0, 8
2023-04-03 22:09:58.242795: 9, 3, 1, 420, 5, 69, 2, 158, 64, 9, 0, 8, 5
2023-04-03 22:09:59.250274: 9, 3, 1, 420, 5, 69, 2, 158, 64, 9, 0, 8, 5, 2
2023-04-03 22:10:00.256322: 9, 3, 1, 420, 5, 69, 2, 158, 64, 9, 0, 8, 5, 2, 1
Logging started at 2023-04-03 22:11:07.945630
2023-04-03 22:11:07.945728: 1
2023-04-03 22:11:08.951925: 1, 2
2023-04-03 22:11:09.955627: 1, 2, 5
2023-04-03 22:11:10.959438: 1, 2, 5, 8
2023-04-03 22:11:11.964951: 1, 2, 5, 8, 0
2023-04-03 22:11:12.967847: 1, 2, 5, 8, 0, 9
2023-04-03 22:11:13.969682: 1, 2, 5, 8, 0, 9, 64
2023-04-03 22:11:14.972962: 1, 2, 5, 8, 0, 9, 64, 158
2023-04-03 22:11:15.975721: 1, 2, 5, 8, 0, 9, 64, 158, 2
2023-04-03 22:11:16.979492: 1, 2, 5, 8, 0, 9, 64, 158, 2, 69
2023-04-03 22:11:17.986708: 1, 2, 5, 8, 0, 9, 64, 158, 2, 69, 5
2023-04-03 22:11:18.993017: 1, 2, 5, 8, 0, 9, 64, 158, 2, 69, 5, 420
2023-04-03 22:11:20.001291: 1, 2, 5, 8, 0, 9, 64, 158, 2, 69, 5, 420, 1
2023-04-03 22:11:21.009718: 1, 2, 5, 8, 0, 9, 64, 158, 2, 69, 5, 420, 1, 3
2023-04-03 22:11:22.015724: 1, 2, 5, 8, 0, 9, 64, 158, 2, 69, 5, 420, 1, 3, 9
Logging started at 2023-04-03 22:12:02.382412
2023-04-03 22:12:04.039412: 3
2023-04-03 22:12:06.546595: 3, 5
2023-04-03 22:12:08.726948: 3, 5, 10
2023-04-03 22:12:11.473353: 3, 5, 10, 69
2023-04-03 22:12:14.520495: 3, 5, 10, 69, 105
Logging started at 2023-04-03 22:12:17.801705
2023-04-03 22:12:17.801998: 1
2023-04-03 22:12:18.808017: 1, 2
2023-04-03 22:12:19.814482: 1, 2, 5
2023-04-03 22:12:20.817289: 1, 2, 5, 8
2023-04-03 22:12:21.822625: 1, 2, 5, 8, 0
2023-04-03 22:12:22.824497: 1, 2, 5, 8, 0, 9
2023-04-03 22:12:23.827943: 1, 2, 5, 8, 0, 9, 64
2023-04-03 22:12:24.830578: 1, 2, 5, 8, 0, 9, 64, 158
2023-04-03 22:12:25.836358: 1, 2, 5, 8, 0, 9, 64, 158, 2
2023-04-03 22:12:26.842164: 1, 2, 5, 8, 0, 9, 64, 158, 2, 69
2023-04-03 22:12:27.848231: 1, 2, 5, 8, 0, 9, 64, 158, 2, 69, 5
2023-04-03 22:12:28.853278: 1, 2, 5, 8, 0, 9, 64, 158, 2, 69, 5, 420
2023-04-03 22:12:29.858821: 1, 2, 5, 8, 0, 9, 64, 158, 2, 69, 5, 420, 1
2023-04-03 22:12:30.862467: 1, 2, 5, 8, 0, 9, 64, 158, 2, 69, 5, 420, 1, 3
2023-04-03 22:12:31.869535: 1, 2, 5, 8, 0, 9, 64, 158, 2, 69, 5, 420, 1, 3, 9
Logging started at 2023-04-03 22:14:10.530576
2023-04-03 22:14:13.184413: 6
2023-04-03 22:14:14.940678: 6, 5
2023-04-03 22:14:16.717732: 6, 5, 4
2023-04-03 22:14:18.424483: 6, 5, 4, 3
2023-04-03 22:14:20.111066: 6, 5, 4, 3, 2
2023-04-03 22:14:21.784511: 6, 5, 4, 3, 2, 1
Logging started at 2023-04-03 22:14:23.595570
2023-04-03 22:14:23.595925: 1
2023-04-03 22:14:24.602698: 1, 2
2023-04-03 22:14:25.606669: 1, 2, 5
2023-04-03 22:14:26.612545: 1, 2, 5, 8
2023-04-03 22:14:27.618291: 1, 2, 5, 8, 0
2023-04-03 22:14:28.622595: 1, 2, 5, 8, 0, 9
2023-04-03 22:14:29.624616: 1, 2, 5, 8, 0, 9, 64
2023-04-03 22:14:30.628689: 1, 2, 5, 8, 0, 9, 64, 158
2023-04-03 22:14:31.634791: 1, 2, 5, 8, 0, 9, 64, 158, 2
2023-04-03 22:14:32.640659: 1, 2, 5, 8, 0, 9, 64, 158, 2, 69
2023-04-03 22:14:33.646579: 1, 2, 5, 8, 0, 9, 64, 158, 2, 69, 5
2023-04-03 22:14:34.653078: 1, 2, 5, 8, 0, 9, 64, 158, 2, 69, 5, 420
2023-04-03 22:14:35.659570: 1, 2, 5, 8, 0, 9, 64, 158, 2, 69, 5, 420, 1
2023-04-03 22:14:36.663037: 1, 2, 5, 8, 0, 9, 64, 158, 2, 69, 5, 420, 1, 3
2023-04-03 22:14:37.669161: 1, 2, 5, 8, 0, 9, 64, 158, 2, 69, 5, 420, 1, 3, 9
Logging started at 2023-04-03 22:15:17.128808
2023-04-03 22:15:18.759452: 3
2023-04-03 22:15:20.384457: 3, 2
2023-04-03 22:15:22.103265: 3, 2, 1
Logging started at 2023-04-03 22:15:33.630236
2023-04-03 22:15:33.630548: 1
2023-04-03 22:15:34.635725: 1, 2
2023-04-03 22:15:35.641369: 1, 2, 5
2023-04-03 22:15:36.646912: 1, 2, 5, 8
2023-04-03 22:15:37.651676: 1, 2, 5, 8, 0
2023-04-03 22:15:38.656342: 1, 2, 5, 8, 0, 9
2023-04-03 22:15:39.659542: 1, 2, 5, 8, 0, 9, 64
2023-04-03 22:15:40.666022: 1, 2, 5, 8, 0, 9, 64, 158
2023-04-03 22:15:41.669808: 1, 2, 5, 8, 0, 9, 64, 158, 2
2023-04-03 22:15:42.675722: 1, 2, 5, 8, 0, 9, 64, 158, 2, 69
2023-04-03 22:15:43.680717: 1, 2, 5, 8, 0, 9, 64, 158, 2, 69, 5
2023-04-03 22:15:44.686284: 1, 2, 5, 8, 0, 9, 64, 158, 2, 69, 5, 420
2023-04-03 22:15:45.690338: 1, 2, 5, 8, 0, 9, 64, 158, 2, 69, 5, 420, 1
2023-04-03 22:15:46.696347: 1, 2, 5, 8, 0, 9, 64, 158, 2, 69, 5, 420, 1, 3
2023-04-03 22:15:47.701246: 1, 2, 5, 8, 0, 9, 64, 158, 2, 69, 5, 420, 1, 3, 9
Logging started at 2023-04-11 19:07:59.016028
2023-04-11 19:08:00.251357: 1
2023-04-11 19:08:01.257652: 1, 2
2023-04-11 19:08:02.261819: 1, 2, 3
2023-04-11 19:08:04.736617: 1, 2, 3, 55
Logging started at 2023-04-11 19:08:07.595454
2023-04-11 19:08:07.595579: 1
2023-04-11 19:08:08.601369: 1, 2
2023-04-11 19:08:09.604495: 1, 2, 5
2023-04-11 19:08:10.611013: 1, 2, 5, 8
2023-04-11 19:08:11.615448: 1, 2, 5, 8, 0
2023-04-11 19:08:12.619304: 1, 2, 5, 8, 0, 9
2023-04-11 19:08:13.625555: 1, 2, 5, 8, 0, 9, 64
2023-04-11 19:08:14.632058: 1, 2, 5, 8, 0, 9, 64, 158
2023-04-11 19:08:15.637170: 1, 2, 5, 8, 0, 9, 64, 158, 2
2023-04-11 19:08:16.639398: 1, 2, 5, 8, 0, 9, 64, 158, 2, 69
2023-04-11 19:08:17.645748: 1, 2, 5, 8, 0, 9, 64, 158, 2, 69, 5
2023-04-11 19:08:18.646977: 1, 2, 5, 8, 0, 9, 64, 158, 2, 69, 5, 420
2023-04-11 19:08:19.652288: 1, 2, 5, 8, 0, 9, 64, 158, 2, 69, 5, 420, 1
2023-04-11 19:08:20.653408: 1, 2, 5, 8, 0, 9, 64, 158, 2, 69, 5, 420, 1, 3
2023-04-11 19:08:21.658745: 1, 2, 5, 8, 0, 9, 64, 158, 2, 69, 5, 420, 1, 3, 9
Logging started at 2023-04-11 19:19:04.417814
2023-04-11 19:19:05.872638: 3
2023-04-11 19:19:08.306986: 3, 3
2023-04-11 19:19:10.057456: 3, 3, 3
2023-04-11 19:19:12.863075: 3, 3, 3, 9
2023-04-11 19:19:14.934855: 3, 3, 3, 9, 9
2023-04-11 19:19:18.241434: 3, 3, 3, 9, 9, 9
2023-04-11 19:19:28.329220: 3, 3, 3, 9, 9, 9, 9
2023-04-11 19:19:34.075265: 3, 3, 3, 9, 9, 9, 9, 2
2023-04-11 19:19:39.303670: 1
2023-04-11 19:19:40.309672: 1, 2
2023-04-11 19:19:41.316170: 1, 2, 5
2023-04-11 19:19:42.321400: 1, 2, 5, 8
2023-04-11 19:19:43.326269: 1, 2, 5, 8, 0
2023-04-11 19:19:44.328753: 1, 2, 5, 8, 0, 9
2023-04-11 19:19:45.334375: 1, 2, 5, 8, 0, 9, 64
2023-04-11 19:19:46.337762: 1, 2, 5, 8, 0, 9, 64, 158
2023-04-11 19:19:47.343887: 1, 2, 5, 8, 0, 9, 64, 158, 2
2023-04-11 19:19:48.355495: 1, 2, 5, 8, 0, 9, 64, 158, 2, 69
2023-04-11 19:19:49.357616: 1, 2, 5, 8, 0, 9, 64, 158, 2, 69, 5
2023-04-11 19:19:50.362959: 1, 2, 5, 8, 0, 9, 64, 158, 2, 69, 5, 420
2023-04-11 19:19:51.367969: 1, 2, 5, 8, 0, 9, 64, 158, 2, 69, 5, 420, 1
2023-04-11 19:19:52.374224: 1, 2, 5, 8, 0, 9, 64, 158, 2, 69, 5, 420, 1, 3
2023-04-11 19:19:53.380708: 1, 2, 5, 8, 0, 9, 64, 158, 2, 69, 5, 420, 1, 3, 9
Logging started at 2023-04-11 19:20:35.988269
2023-04-11 19:20:46.113753: 3
2023-04-11 19:20:50.245322: 3, 8
2023-04-11 19:21:06.184669: 1
2023-04-11 19:21:07.190922: 1, 2
2023-04-11 19:21:08.197370: 1, 2, 5
2023-04-11 19:21:09.199938: 1, 2, 5, 8
2023-04-11 19:21:10.201853: 1, 2, 5, 8, 0
2023-04-11 19:21:11.207605: 1, 2, 5, 8, 0, 9
2023-04-11 19:21:12.213813: 1, 2, 5, 8, 0, 9, 64
2023-04-11 19:21:13.219802: 1, 2, 5, 8, 0, 9, 64, 158
2023-04-11 19:21:14.225813: 1, 2, 5, 8, 0, 9, 64, 158, 2
2023-04-11 19:21:15.226820: 1, 2, 5, 8, 0, 9, 64, 158, 2, 69
2023-04-11 19:21:16.232766: 1, 2, 5, 8, 0, 9, 64, 158, 2, 69, 5
2023-04-11 19:21:17.233914: 1, 2, 5, 8, 0, 9, 64, 158, 2, 69, 5, 420
2023-04-11 19:21:18.239214: 1, 2, 5, 8, 0, 9, 64, 158, 2, 69, 5, 420, 1
2023-04-11 19:21:19.242334: 1, 2, 5, 8, 0, 9, 64, 158, 2, 69, 5, 420, 1, 3
2023-04-11 19:21:20.245858: 1, 2, 5, 8, 0, 9, 64, 158, 2, 69, 5, 420, 1, 3, 9
